# JRE version: OpenJDK Runtime Environment (8.0_152-b01) (build 1.8.0_152-release-1343-b01)
# Java VM: OpenJDK 64-Bit Server VM (25.152-b01 mixed mode windows-amd64 compressed oops)
Heap:
 PSYoungGen      total 428032K, used 117077K [0x00000000e0000000, 0x0000000100000000, 0x0000000100000000)
  eden space 331776K, 33% used [0x00000000e0000000,0x00000000e6d76068,0x00000000f4400000)
  from space 96256K, 5% used [0x00000000fa000000,0x00000000fa4df580,0x00000000ffe00000)
  to   space 94208K, 0% used [0x00000000f4400000,0x00000000f4400000,0x00000000fa000000)
 ParOldGen       total 382464K, used 142639K [0x00000000a0000000, 0x00000000b7580000, 0x00000000e0000000)
  object space 382464K, 37% used [0x00000000a0000000,0x00000000a8b4bf58,0x00000000b7580000)
 Metaspace       used 135015K, capacity 141736K, committed 141976K, reserved 1173504K
  class space    used 16700K, capacity 17831K, committed 17832K, reserved 1048576K
GC Heap History (10 events):
Event: 1056.930 GC heap before
{Heap before GC invocations=36 (full 4):
 PSYoungGen      total 422400K, used 349953K [0x00000000e0000000, 0x00000000ffd80000, 0x0000000100000000)
  eden space 323584K, 100% used [0x00000000e0000000,0x00000000f3c00000,0x00000000f3c00000)
  from space 98816K, 26% used [0x00000000f3c00000,0x00000000f55c0408,0x00000000f9c80000)
  to   space 97280K, 0% used [0x00000000f9e80000,0x00000000f9e80000,0x00000000ffd80000)
 ParOldGen       total 382464K, used 118179K [0x00000000a0000000, 0x00000000b7580000, 0x00000000e0000000)
  object space 382464K, 30% used [0x00000000a0000000,0x00000000a7368f78,0x00000000b7580000)
 Metaspace       used 134921K, capacity 141652K, committed 141720K, reserved 1173504K
  class space    used 16699K, capacity 17831K, committed 17832K, reserved 1048576K
Event: 1056.957 GC heap after
Heap after GC invocations=36 (full 4):
 PSYoungGen      total 423424K, used 23036K [0x00000000e0000000, 0x00000000ffb80000, 0x0000000100000000)
  eden space 328192K, 0% used [0x00000000e0000000,0x00000000e0000000,0x00000000f4080000)
  from space 95232K, 24% used [0x00000000f9e80000,0x00000000fb4ff020,0x00000000ffb80000)
  to   space 95744K, 0% used [0x00000000f4080000,0x00000000f4080000,0x00000000f9e00000)
 ParOldGen       total 382464K, used 125093K [0x00000000a0000000, 0x00000000b7580000, 0x00000000e0000000)
  object space 382464K, 32% used [0x00000000a0000000,0x00000000a7a29750,0x00000000b7580000)
 Metaspace       used 134921K, capacity 141652K, committed 141720K, reserved 1173504K
  class space    used 16699K, capacity 17831K, committed 17832K, reserved 1048576K
}
Event: 1058.889 GC heap before
{Heap before GC invocations=37 (full 4):
 PSYoungGen      total 423424K, used 351228K [0x00000000e0000000, 0x00000000ffb80000, 0x0000000100000000)
  eden space 328192K, 100% used [0x00000000e0000000,0x00000000f4080000,0x00000000f4080000)
  from space 95232K, 24% used [0x00000000f9e80000,0x00000000fb4ff020,0x00000000ffb80000)
  to   space 95744K, 0% used [0x00000000f4080000,0x00000000f4080000,0x00000000f9e00000)
 ParOldGen       total 382464K, used 125093K [0x00000000a0000000, 0x00000000b7580000, 0x00000000e0000000)
  object space 382464K, 32% used [0x00000000a0000000,0x00000000a7a29750,0x00000000b7580000)
 Metaspace       used 134949K, capacity 141660K, committed 141720K, reserved 1173504K
  class space    used 16700K, capacity 17831K, committed 17832K, reserved 1048576K
Event: 1058.907 GC heap after
Heap after GC invocations=37 (full 4):
 PSYoungGen      total 423936K, used 2067K [0x00000000e0000000, 0x0000000100000000, 0x0000000100000000)
  eden space 328192K, 0% used [0x00000000e0000000,0x00000000e0000000,0x00000000f4080000)
  from space 95744K, 2% used [0x00000000f4080000,0x00000000f4284c68,0x00000000f9e00000)
  to   space 97280K, 0% used [0x00000000fa100000,0x00000000fa100000,0x0000000100000000)
 ParOldGen       total 382464K, used 142583K [0x00000000a0000000, 0x00000000b7580000, 0x00000000e0000000)
  object space 382464K, 37% used [0x00000000a0000000,0x00000000a8b3df58,0x00000000b7580000)
 Metaspace       used 134949K, capacity 141660K, committed 141720K, reserved 1173504K
  class space    used 16700K, capacity 17831K, committed 17832K, reserved 1048576K
}
Event: 1060.385 GC heap before
{Heap before GC invocations=38 (full 4):
 PSYoungGen      total 423936K, used 330259K [0x00000000e0000000, 0x0000000100000000, 0x0000000100000000)
  eden space 328192K, 100% used [0x00000000e0000000,0x00000000f4080000,0x00000000f4080000)
  from space 95744K, 2% used [0x00000000f4080000,0x00000000f4284c68,0x00000000f9e00000)
  to   space 97280K, 0% used [0x00000000fa100000,0x00000000fa100000,0x0000000100000000)
 ParOldGen       total 382464K, used 142583K [0x00000000a0000000, 0x00000000b7580000, 0x00000000e0000000)
  object space 382464K, 37% used [0x00000000a0000000,0x00000000a8b3df58,0x00000000b7580000)
 Metaspace       used 134958K, capacity 141660K, committed 141720K, reserved 1173504K
  class space    used 16700K, capacity 17831K, committed 17832K, reserved 1048576K
Event: 1060.392 GC heap after
Heap after GC invocations=38 (full 4):
 PSYoungGen      total 427008K, used 3009K [0x00000000e0000000, 0x0000000100000000, 0x0000000100000000)
  eden space 329728K, 0% used [0x00000000e0000000,0x00000000e0000000,0x00000000f4200000)
  from space 97280K, 3% used [0x00000000fa100000,0x00000000fa3f04e8,0x0000000100000000)
  to   space 97280K, 0% used [0x00000000f4200000,0x00000000f4200000,0x00000000fa100000)
 ParOldGen       total 382464K, used 142639K [0x00000000a0000000, 0x00000000b7580000, 0x00000000e0000000)
  object space 382464K, 37% used [0x00000000a0000000,0x00000000a8b4bf58,0x00000000b7580000)
 Metaspace       used 134958K, capacity 141660K, committed 141720K, reserved 1173504K
  class space    used 16700K, capacity 17831K, committed 17832K, reserved 1048576K
}
Event: 1062.104 GC heap before
{Heap before GC invocations=39 (full 4):
 PSYoungGen      total 427008K, used 332737K [0x00000000e0000000, 0x0000000100000000, 0x0000000100000000)
  eden space 329728K, 100% used [0x00000000e0000000,0x00000000f4200000,0x00000000f4200000)
  from space 97280K, 3% used [0x00000000fa100000,0x00000000fa3f04e8,0x0000000100000000)
  to   space 97280K, 0% used [0x00000000f4200000,0x00000000f4200000,0x00000000fa100000)
 ParOldGen       total 382464K, used 142639K [0x00000000a0000000, 0x00000000b7580000, 0x00000000e0000000)
  object space 382464K, 37% used [0x00000000a0000000,0x00000000a8b4bf58,0x00000000b7580000)
 Metaspace       used 134976K, capacity 141728K, committed 141976K, reserved 1173504K
  class space    used 16700K, capacity 17831K, committed 17832K, reserved 1048576K
Event: 1062.112 GC heap after
Heap after GC invocations=39 (full 4):
 PSYoungGen      total 335360K, used 5607K [0x00000000e0000000, 0x00000000ffe00000, 0x0000000100000000)
  eden space 329728K, 0% used [0x00000000e0000000,0x00000000e0000000,0x00000000f4200000)
  from space 5632K, 99% used [0x00000000f4200000,0x00000000f4779fd0,0x00000000f4780000)
  to   space 96256K, 0% used [0x00000000fa000000,0x00000000fa000000,0x00000000ffe00000)
 ParOldGen       total 382464K, used 142639K [0x00000000a0000000, 0x00000000b7580000, 0x00000000e0000000)
  object space 382464K, 37% used [0x00000000a0000000,0x00000000a8b4bf58,0x00000000b7580000)
 Metaspace       used 134976K, capacity 141728K, committed 141976K, reserved 1173504K
  class space    used 16700K, capacity 17831K, committed 17832K, reserved 1048576K
}
Event: 1063.982 GC heap before
{Heap before GC invocations=40 (full 4):
 PSYoungGen      total 335360K, used 335335K [0x00000000e0000000, 0x00000000ffe00000, 0x0000000100000000)
  eden space 329728K, 100% used [0x00000000e0000000,0x00000000f4200000,0x00000000f4200000)
  from space 5632K, 99% used [0x00000000f4200000,0x00000000f4779fd0,0x00000000f4780000)
  to   space 96256K, 0% used [0x00000000fa000000,0x00000000fa000000,0x00000000ffe00000)
 ParOldGen       total 382464K, used 142639K [0x00000000a0000000, 0x00000000b7580000, 0x00000000e0000000)
  object space 382464K, 37% used [0x00000000a0000000,0x00000000a8b4bf58,0x00000000b7580000)
 Metaspace       used 135010K, capacity 141736K, committed 141976K, reserved 1173504K
  class space    used 16700K, capacity 17831K, committed 17832K, reserved 1048576K
Event: 1063.988 GC heap after
Heap after GC invocations=40 (full 4):
 PSYoungGen      total 428032K, used 4989K [0x00000000e0000000, 0x0000000100000000, 0x0000000100000000)
  eden space 331776K, 0% used [0x00000000e0000000,0x00000000e0000000,0x00000000f4400000)
  from space 96256K, 5% used [0x00000000fa000000,0x00000000fa4df580,0x00000000ffe00000)
  to   space 94208K, 0% used [0x00000000f4400000,0x00000000f4400000,0x00000000fa000000)
 ParOldGen       total 382464K, used 142639K [0x00000000a0000000, 0x00000000b7580000, 0x00000000e0000000)
  object space 382464K, 37% used [0x00000000a0000000,0x00000000a8b4bf58,0x00000000b7580000)
 Metaspace       used 135010K, capacity 141736K, committed 141976K, reserved 1173504K
  class space    used 16700K, capacity 17831K, committed 17832K, reserved 1048576K
}

