# JRE version: OpenJDK Runtime Environment (8.0_152-b01) (build 1.8.0_152-release-1343-b01)
# Java VM: OpenJDK 64-Bit Server VM (25.152-b01 mixed mode windows-amd64 compressed oops)
Heap:
 PSYoungGen      total 427008K, used 289722K [0x00000000e0000000, 0x00000000fe300000, 0x0000000100000000)
  eden space 385024K, 70% used [0x00000000e0000000,0x00000000f0a274f0,0x00000000f7800000)
  from space 41984K, 40% used [0x00000000fba00000,0x00000000fcac7530,0x00000000fe300000)
  to   space 54784K, 0% used [0x00000000f7800000,0x00000000f7800000,0x00000000fad80000)
 ParOldGen       total 391168K, used 79777K [0x00000000a0000000, 0x00000000b7e00000, 0x00000000e0000000)
  object space 391168K, 20% used [0x00000000a0000000,0x00000000a4de8448,0x00000000b7e00000)
 Metaspace       used 100606K, capacity 107080K, committed 107264K, reserved 1142784K
  class space    used 12477K, capacity 13540K, committed 13568K, reserved 1048576K
GC Heap History (10 events):
Event: 2975.564 GC heap before
{Heap before GC invocations=38 (full 4):
 PSYoungGen      total 474112K, used 443377K [0x00000000e0000000, 0x0000000100000000, 0x0000000100000000)
  eden space 428544K, 100% used [0x00000000e0000000,0x00000000fa280000,0x00000000fa280000)
  from space 45568K, 32% used [0x00000000fa280000,0x00000000fb0fc6e8,0x00000000fcf00000)
  to   space 45056K, 0% used [0x00000000fd400000,0x00000000fd400000,0x0000000100000000)
 ParOldGen       total 391168K, used 69444K [0x00000000a0000000, 0x00000000b7e00000, 0x00000000e0000000)
  object space 391168K, 17% used [0x00000000a0000000,0x00000000a43d1248,0x00000000b7e00000)
 Metaspace       used 99594K, capacity 105926K, committed 106240K, reserved 1142784K
  class space    used 12446K, capacity 13493K, committed 13568K, reserved 1048576K
Event: 2975.581 GC heap after
Heap after GC invocations=38 (full 4):
 PSYoungGen      total 475136K, used 16509K [0x00000000e0000000, 0x00000000ffc80000, 0x0000000100000000)
  eden space 433664K, 0% used [0x00000000e0000000,0x00000000e0000000,0x00000000fa780000)
  from space 41472K, 39% used [0x00000000fd400000,0x00000000fe41f4c0,0x00000000ffc80000)
  to   space 43520K, 0% used [0x00000000fa780000,0x00000000fa780000,0x00000000fd200000)
 ParOldGen       total 391168K, used 69452K [0x00000000a0000000, 0x00000000b7e00000, 0x00000000e0000000)
  object space 391168K, 17% used [0x00000000a0000000,0x00000000a43d3248,0x00000000b7e00000)
 Metaspace       used 99594K, capacity 105926K, committed 106240K, reserved 1142784K
  class space    used 12446K, capacity 13493K, committed 13568K, reserved 1048576K
}
Event: 3373.434 GC heap before
{Heap before GC invocations=39 (full 4):
 PSYoungGen      total 475136K, used 450173K [0x00000000e0000000, 0x00000000ffc80000, 0x0000000100000000)
  eden space 433664K, 100% used [0x00000000e0000000,0x00000000fa780000,0x00000000fa780000)
  from space 41472K, 39% used [0x00000000fd400000,0x00000000fe41f4c0,0x00000000ffc80000)
  to   space 43520K, 0% used [0x00000000fa780000,0x00000000fa780000,0x00000000fd200000)
 ParOldGen       total 391168K, used 69452K [0x00000000a0000000, 0x00000000b7e00000, 0x00000000e0000000)
  object space 391168K, 17% used [0x00000000a0000000,0x00000000a43d3248,0x00000000b7e00000)
 Metaspace       used 100026K, capacity 106466K, committed 106752K, reserved 1142784K
  class space    used 12472K, capacity 13535K, committed 13568K, reserved 1048576K
Event: 3373.458 GC heap after
Heap after GC invocations=39 (full 4):
 PSYoungGen      total 464384K, used 43515K [0x00000000e0000000, 0x00000000ffe00000, 0x0000000100000000)
  eden space 420864K, 0% used [0x00000000e0000000,0x00000000e0000000,0x00000000f9b00000)
  from space 43520K, 99% used [0x00000000fa780000,0x00000000fd1fefa0,0x00000000fd200000)
  to   space 45056K, 0% used [0x00000000fd200000,0x00000000fd200000,0x00000000ffe00000)
 ParOldGen       total 391168K, used 72093K [0x00000000a0000000, 0x00000000b7e00000, 0x00000000e0000000)
  object space 391168K, 18% used [0x00000000a0000000,0x00000000a46674e8,0x00000000b7e00000)
 Metaspace       used 100026K, capacity 106466K, committed 106752K, reserved 1142784K
  class space    used 12472K, capacity 13535K, committed 13568K, reserved 1048576K
}
Event: 3689.366 GC heap before
{Heap before GC invocations=40 (full 4):
 PSYoungGen      total 464384K, used 464379K [0x00000000e0000000, 0x00000000ffe00000, 0x0000000100000000)
  eden space 420864K, 100% used [0x00000000e0000000,0x00000000f9b00000,0x00000000f9b00000)
  from space 43520K, 99% used [0x00000000fa780000,0x00000000fd1fefa0,0x00000000fd200000)
  to   space 45056K, 0% used [0x00000000fd200000,0x00000000fd200000,0x00000000ffe00000)
 ParOldGen       total 391168K, used 72093K [0x00000000a0000000, 0x00000000b7e00000, 0x00000000e0000000)
  object space 391168K, 18% used [0x00000000a0000000,0x00000000a46674e8,0x00000000b7e00000)
 Metaspace       used 100227K, capacity 106624K, committed 106752K, reserved 1142784K
  class space    used 12475K, capacity 13540K, committed 13568K, reserved 1048576K
Event: 3689.399 GC heap after
Heap after GC invocations=40 (full 4):
 PSYoungGen      total 452608K, used 45054K [0x00000000e0000000, 0x0000000100000000, 0x0000000100000000)
  eden space 407552K, 0% used [0x00000000e0000000,0x00000000e0000000,0x00000000f8e00000)
  from space 45056K, 99% used [0x00000000fd200000,0x00000000ffdffb08,0x00000000ffe00000)
  to   space 58368K, 0% used [0x00000000f8e00000,0x00000000f8e00000,0x00000000fc700000)
 ParOldGen       total 391168K, used 79505K [0x00000000a0000000, 0x00000000b7e00000, 0x00000000e0000000)
  object space 391168K, 20% used [0x00000000a0000000,0x00000000a4da4438,0x00000000b7e00000)
 Metaspace       used 100227K, capacity 106624K, committed 106752K, reserved 1142784K
  class space    used 12475K, capacity 13540K, committed 13568K, reserved 1048576K
}
Event: 3800.174 GC heap before
{Heap before GC invocations=41 (full 4):
 PSYoungGen      total 452608K, used 452606K [0x00000000e0000000, 0x0000000100000000, 0x0000000100000000)
  eden space 407552K, 100% used [0x00000000e0000000,0x00000000f8e00000,0x00000000f8e00000)
  from space 45056K, 99% used [0x00000000fd200000,0x00000000ffdffb08,0x00000000ffe00000)
  to   space 58368K, 0% used [0x00000000f8e00000,0x00000000f8e00000,0x00000000fc700000)
 ParOldGen       total 391168K, used 79505K [0x00000000a0000000, 0x00000000b7e00000, 0x00000000e0000000)
  object space 391168K, 20% used [0x00000000a0000000,0x00000000a4da4438,0x00000000b7e00000)
 Metaspace       used 100417K, capacity 106944K, committed 107008K, reserved 1142784K
  class space    used 12476K, capacity 13540K, committed 13568K, reserved 1048576K
Event: 3800.203 GC heap after
Heap after GC invocations=41 (full 4):
 PSYoungGen      total 417280K, used 20684K [0x00000000e0000000, 0x00000000ff100000, 0x0000000100000000)
  eden space 396288K, 0% used [0x00000000e0000000,0x00000000e0000000,0x00000000f8300000)
  from space 20992K, 98% used [0x00000000f8e00000,0x00000000fa2331e8,0x00000000fa280000)
  to   space 56320K, 0% used [0x00000000fba00000,0x00000000fba00000,0x00000000ff100000)
 ParOldGen       total 391168K, used 79769K [0x00000000a0000000, 0x00000000b7e00000, 0x00000000e0000000)
  object space 391168K, 20% used [0x00000000a0000000,0x00000000a4de6448,0x00000000b7e00000)
 Metaspace       used 100417K, capacity 106944K, committed 107008K, reserved 1142784K
  class space    used 12476K, capacity 13540K, committed 13568K, reserved 1048576K
}
Event: 3977.641 GC heap before
{Heap before GC invocations=42 (full 4):
 PSYoungGen      total 417280K, used 416972K [0x00000000e0000000, 0x00000000ff100000, 0x0000000100000000)
  eden space 396288K, 100% used [0x00000000e0000000,0x00000000f8300000,0x00000000f8300000)
  from space 20992K, 98% used [0x00000000f8e00000,0x00000000fa2331e8,0x00000000fa280000)
  to   space 56320K, 0% used [0x00000000fba00000,0x00000000fba00000,0x00000000ff100000)
 ParOldGen       total 391168K, used 79769K [0x00000000a0000000, 0x00000000b7e00000, 0x00000000e0000000)
  object space 391168K, 20% used [0x00000000a0000000,0x00000000a4de6448,0x00000000b7e00000)
 Metaspace       used 100554K, capacity 107076K, committed 107264K, reserved 1142784K
  class space    used 12476K, capacity 13540K, committed 13568K, reserved 1048576K
Event: 3977.661 GC heap after
Heap after GC invocations=42 (full 4):
 PSYoungGen      total 427008K, used 17181K [0x00000000e0000000, 0x00000000fe300000, 0x0000000100000000)
  eden space 385024K, 0% used [0x00000000e0000000,0x00000000e0000000,0x00000000f7800000)
  from space 41984K, 40% used [0x00000000fba00000,0x00000000fcac7530,0x00000000fe300000)
  to   space 54784K, 0% used [0x00000000f7800000,0x00000000f7800000,0x00000000fad80000)
 ParOldGen       total 391168K, used 79777K [0x00000000a0000000, 0x00000000b7e00000, 0x00000000e0000000)
  object space 391168K, 20% used [0x00000000a0000000,0x00000000a4de8448,0x00000000b7e00000)
 Metaspace       used 100554K, capacity 107076K, committed 107264K, reserved 1142784K
  class space    used 12476K, capacity 13540K, committed 13568K, reserved 1048576K
}

