# JRE version: OpenJDK Runtime Environment (8.0_152-b01) (build 1.8.0_152-release-1343-b01)
# Java VM: OpenJDK 64-Bit Server VM (25.152-b01 mixed mode windows-amd64 compressed oops)
Heap:
 PSYoungGen      total 175616K, used 119013K [0x00000000e0000000, 0x00000000ed580000, 0x0000000100000000)
  eden space 146944K, 61% used [0x00000000e0000000,0x00000000e583cac8,0x00000000e8f80000)
  from space 28672K, 99% used [0x00000000ea200000,0x00000000ebdfcc68,0x00000000ebe00000)
  to   space 24064K, 0% used [0x00000000ebe00000,0x00000000ebe00000,0x00000000ed580000)
 ParOldGen       total 281600K, used 48299K [0x00000000a0000000, 0x00000000b1300000, 0x00000000e0000000)
  object space 281600K, 17% used [0x00000000a0000000,0x00000000a2f2ac50,0x00000000b1300000)
 Metaspace       used 77422K, capacity 80390K, committed 80640K, reserved 1120256K
  class space    used 10056K, capacity 10680K, committed 10752K, reserved 1048576K
GC Heap History (10 events):
Event: 10.472 GC heap before
{Heap before GC invocations=14 (full 3):
 PSYoungGen      total 155648K, used 137216K [0x00000000e0000000, 0x00000000eae80000, 0x0000000100000000)
  eden space 137216K, 100% used [0x00000000e0000000,0x00000000e8600000,0x00000000e8600000)
  from space 18432K, 0% used [0x00000000e9980000,0x00000000e9980000,0x00000000eab80000)
  to   space 19968K, 0% used [0x00000000e8600000,0x00000000e8600000,0x00000000e9980000)
 ParOldGen       total 281600K, used 31374K [0x00000000a0000000, 0x00000000b1300000, 0x00000000e0000000)
  object space 281600K, 11% used [0x00000000a0000000,0x00000000a1ea3928,0x00000000b1300000)
 Metaspace       used 64835K, capacity 66726K, committed 67072K, reserved 1107968K
  class space    used 8718K, capacity 9147K, committed 9216K, reserved 1048576K
Event: 10.480 GC heap after
Heap after GC invocations=14 (full 3):
 PSYoungGen      total 157184K, used 12178K [0x00000000e0000000, 0x00000000ebd00000, 0x0000000100000000)
  eden space 137216K, 0% used [0x00000000e0000000,0x00000000e0000000,0x00000000e8600000)
  from space 19968K, 60% used [0x00000000e8600000,0x00000000e91e4a28,0x00000000e9980000)
  to   space 19456K, 0% used [0x00000000eaa00000,0x00000000eaa00000,0x00000000ebd00000)
 ParOldGen       total 281600K, used 31382K [0x00000000a0000000, 0x00000000b1300000, 0x00000000e0000000)
  object space 281600K, 11% used [0x00000000a0000000,0x00000000a1ea5928,0x00000000b1300000)
 Metaspace       used 64835K, capacity 66726K, committed 67072K, reserved 1107968K
  class space    used 8718K, capacity 9147K, committed 9216K, reserved 1048576K
}
Event: 11.090 GC heap before
{Heap before GC invocations=15 (full 3):
 PSYoungGen      total 157184K, used 149394K [0x00000000e0000000, 0x00000000ebd00000, 0x0000000100000000)
  eden space 137216K, 100% used [0x00000000e0000000,0x00000000e8600000,0x00000000e8600000)
  from space 19968K, 60% used [0x00000000e8600000,0x00000000e91e4a28,0x00000000e9980000)
  to   space 19456K, 0% used [0x00000000eaa00000,0x00000000eaa00000,0x00000000ebd00000)
 ParOldGen       total 281600K, used 31382K [0x00000000a0000000, 0x00000000b1300000, 0x00000000e0000000)
  object space 281600K, 11% used [0x00000000a0000000,0x00000000a1ea5928,0x00000000b1300000)
 Metaspace       used 66316K, capacity 68402K, committed 68608K, reserved 1107968K
  class space    used 8940K, capacity 9436K, committed 9472K, reserved 1048576K
Event: 11.105 GC heap after
Heap after GC invocations=15 (full 3):
 PSYoungGen      total 171520K, used 19432K [0x00000000e0000000, 0x00000000ec700000, 0x0000000100000000)
  eden space 152064K, 0% used [0x00000000e0000000,0x00000000e0000000,0x00000000e9480000)
  from space 19456K, 99% used [0x00000000eaa00000,0x00000000ebcfa030,0x00000000ebd00000)
  to   space 22016K, 0% used [0x00000000e9480000,0x00000000e9480000,0x00000000eaa00000)
 ParOldGen       total 281600K, used 32963K [0x00000000a0000000, 0x00000000b1300000, 0x00000000e0000000)
  object space 281600K, 11% used [0x00000000a0000000,0x00000000a2030fd8,0x00000000b1300000)
 Metaspace       used 66316K, capacity 68402K, committed 68608K, reserved 1107968K
  class space    used 8940K, capacity 9436K, committed 9472K, reserved 1048576K
}
Event: 14.305 GC heap before
{Heap before GC invocations=16 (full 3):
 PSYoungGen      total 171520K, used 171496K [0x00000000e0000000, 0x00000000ec700000, 0x0000000100000000)
  eden space 152064K, 100% used [0x00000000e0000000,0x00000000e9480000,0x00000000e9480000)
  from space 19456K, 99% used [0x00000000eaa00000,0x00000000ebcfa030,0x00000000ebd00000)
  to   space 22016K, 0% used [0x00000000e9480000,0x00000000e9480000,0x00000000eaa00000)
 ParOldGen       total 281600K, used 32963K [0x00000000a0000000, 0x00000000b1300000, 0x00000000e0000000)
  object space 281600K, 11% used [0x00000000a0000000,0x00000000a2030fd8,0x00000000b1300000)
 Metaspace       used 71558K, capacity 74100K, committed 74368K, reserved 1114112K
  class space    used 9425K, capacity 10011K, committed 10112K, reserved 1048576K
Event: 14.318 GC heap after
Heap after GC invocations=16 (full 3):
 PSYoungGen      total 174080K, used 21996K [0x00000000e0000000, 0x00000000edd80000, 0x0000000100000000)
  eden space 152064K, 0% used [0x00000000e0000000,0x00000000e0000000,0x00000000e9480000)
  from space 22016K, 99% used [0x00000000e9480000,0x00000000ea9fb080,0x00000000eaa00000)
  to   space 26624K, 0% used [0x00000000ec380000,0x00000000ec380000,0x00000000edd80000)
 ParOldGen       total 281600K, used 38730K [0x00000000a0000000, 0x00000000b1300000, 0x00000000e0000000)
  object space 281600K, 13% used [0x00000000a0000000,0x00000000a25d2888,0x00000000b1300000)
 Metaspace       used 71558K, capacity 74100K, committed 74368K, reserved 1114112K
  class space    used 9425K, capacity 10011K, committed 10112K, reserved 1048576K
}
Event: 8002.456 GC heap before
{Heap before GC invocations=17 (full 3):
 PSYoungGen      total 174080K, used 174060K [0x00000000e0000000, 0x00000000edd80000, 0x0000000100000000)
  eden space 152064K, 100% used [0x00000000e0000000,0x00000000e9480000,0x00000000e9480000)
  from space 22016K, 99% used [0x00000000e9480000,0x00000000ea9fb080,0x00000000eaa00000)
  to   space 26624K, 0% used [0x00000000ec380000,0x00000000ec380000,0x00000000edd80000)
 ParOldGen       total 281600K, used 38730K [0x00000000a0000000, 0x00000000b1300000, 0x00000000e0000000)
  object space 281600K, 13% used [0x00000000a0000000,0x00000000a25d2888,0x00000000b1300000)
 Metaspace       used 72782K, capacity 75418K, committed 75520K, reserved 1114112K
  class space    used 9560K, capacity 10146K, committed 10240K, reserved 1048576K
Event: 8002.482 GC heap after
Heap after GC invocations=17 (full 3):
 PSYoungGen      total 172544K, used 22943K [0x00000000e0000000, 0x00000000eda00000, 0x0000000100000000)
  eden space 149504K, 0% used [0x00000000e0000000,0x00000000e0000000,0x00000000e9200000)
  from space 23040K, 99% used [0x00000000ec380000,0x00000000ed9e7ea8,0x00000000eda00000)
  to   space 28672K, 0% used [0x00000000ea200000,0x00000000ea200000,0x00000000ebe00000)
 ParOldGen       total 281600K, used 38738K [0x00000000a0000000, 0x00000000b1300000, 0x00000000e0000000)
  object space 281600K, 13% used [0x00000000a0000000,0x00000000a25d4888,0x00000000b1300000)
 Metaspace       used 72782K, capacity 75418K, committed 75520K, reserved 1114112K
  class space    used 9560K, capacity 10146K, committed 10240K, reserved 1048576K
}
Event: 9489.716 GC heap before
{Heap before GC invocations=18 (full 3):
 PSYoungGen      total 172544K, used 172447K [0x00000000e0000000, 0x00000000eda00000, 0x0000000100000000)
  eden space 149504K, 100% used [0x00000000e0000000,0x00000000e9200000,0x00000000e9200000)
  from space 23040K, 99% used [0x00000000ec380000,0x00000000ed9e7ea8,0x00000000eda00000)
  to   space 28672K, 0% used [0x00000000ea200000,0x00000000ea200000,0x00000000ebe00000)
 ParOldGen       total 281600K, used 38738K [0x00000000a0000000, 0x00000000b1300000, 0x00000000e0000000)
  object space 281600K, 13% used [0x00000000a0000000,0x00000000a25d4888,0x00000000b1300000)
 Metaspace       used 75317K, capacity 78234K, committed 78336K, reserved 1118208K
  class space    used 9812K, capacity 10438K, committed 10496K, reserved 1048576K
Event: 9489.738 GC heap after
Heap after GC invocations=18 (full 3):
 PSYoungGen      total 175616K, used 28659K [0x00000000e0000000, 0x00000000ed580000, 0x0000000100000000)
  eden space 146944K, 0% used [0x00000000e0000000,0x00000000e0000000,0x00000000e8f80000)
  from space 28672K, 99% used [0x00000000ea200000,0x00000000ebdfcc68,0x00000000ebe00000)
  to   space 24064K, 0% used [0x00000000ebe00000,0x00000000ebe00000,0x00000000ed580000)
 ParOldGen       total 281600K, used 48299K [0x00000000a0000000, 0x00000000b1300000, 0x00000000e0000000)
  object space 281600K, 17% used [0x00000000a0000000,0x00000000a2f2ac50,0x00000000b1300000)
 Metaspace       used 75317K, capacity 78234K, committed 78336K, reserved 1118208K
  class space    used 9812K, capacity 10438K, committed 10496K, reserved 1048576K
}

